[
{
  "elements": [
    {
      "keyword": "Background",
      "location": "features/example.feature:3",
      "name": "some requirement of this test",
      "steps": [
        {
          "keyword": "Given",
          "location": "features/example.feature:4",
          "name": "some setup condition",
          "step_type": "given"
        }
      ],
      "type": "background"
    },
    {
      "keyword": "Scenario",
      "location": "features/example.feature:7",
      "name": "Run a simple test",
      "status": "passed",
      "steps": [
        {
          "keyword": "Given",
          "location": "features/example.feature:4",
          "match": {
            "arguments": [],
            "location": "features/steps/example_steps.py:4"
          },
          "name": "some setup condition",
          "result": {
            "duration": 0.0006098747253417969,
            "status": "passed"
          },
          "step_type": "given"
        },
        {
          "keyword": "Given",
          "location": "features/example.feature:8",
          "match": {
            "arguments": [],
            "location": "features/steps/example_steps.py:10"
          },
          "name": "we have behave installed",
          "result": {
            "duration": 0.0005171298980712891,
            "status": "passed"
          },
          "step_type": "given"
        },
        {
          "keyword": "When",
          "location": "features/example.feature:9",
          "match": {
            "arguments": [
              {
                "name": "number",
                "original": "5",
                "value": 5
              }
            ],
            "location": "features/steps/example_steps.py:15"
          },
          "name": "we implement 5 tests",
          "result": {
            "duration": 0.0011935234069824219,
            "status": "passed"
          },
          "step_type": "when"
        },
        {
          "keyword": "Then",
          "location": "features/example.feature:10",
          "match": {
            "arguments": [],
            "location": "features/steps/example_steps.py:22"
          },
          "name": "behave will test them for us!",
          "result": {
            "duration": 0.0005526542663574219,
            "status": "passed"
          },
          "step_type": "then"
        }
      ],
      "tags": [
        "basic-test"
      ],
      "type": "scenario"
    }
  ],
  "keyword": "Feature",
  "location": "features/example.feature:1",
  "name": "Testing Python module behave",
  "status": "passed",
  "tags": []
}
]
